<html>
<head>
<title>TestNG:  Default test</title>
<link href="../testng.css" rel="stylesheet" type="text/css" />
<link href="../my-testng.css" rel="stylesheet" type="text/css" />

<style type="text/css">
.log { display: none;} 
.stack-trace { display: none;} 
</style>
<script type="text/javascript">
<!--
function flip(e) {
  current = e.style.display;
  if (current == 'block') {
    e.style.display = 'none';
    return 0;
  }
  else {
    e.style.display = 'block';
    return 1;
  }
}

function toggleBox(szDivId, elem, msg1, msg2)
{
  var res = -1;  if (document.getElementById) {
    res = flip(document.getElementById(szDivId));
  }
  else if (document.all) {
    // this is the way old msie versions work
    res = flip(document.all[szDivId]);
  }
  if(elem) {
    if(res == 0) elem.innerHTML = msg1; else elem.innerHTML = msg2;
  }

}

function toggleAllBoxes() {
  if (document.getElementsByTagName) {
    d = document.getElementsByTagName('div');
    for (i = 0; i < d.length; i++) {
      if (d[i].className == 'log') {
        flip(d[i]);
      }
    }
  }
}

// -->
</script>

</head>
<body>
<h2 align='center'>Default test</h2><table border='1' align="center">
<tr>
<td>Tests passed/Failed/Skipped:</td><td>8/1/0</td>
</tr><tr>
<td>Started on:</td><td>Thu Nov 14 17:25:14 IST 2019</td>
</tr>
<tr><td>Total time:</td><td>235 seconds (235008 ms)</td>
</tr><tr>
<td>Included groups:</td><td></td>
</tr><tr>
<td>Excluded groups:</td><td></td>
</tr>
</table><p/>
<small><i>(Hover the method name to see the test class name)</i></small><p/>
<table width='100%' border='1' class='invocation-failed'>
<tr><td colspan='4' align='center'><b>FAILED TESTS</b></td></tr>
<tr><td><b>Test method</b></td>
<td width="30%"><b>Exception</b></td>
<td width="10%"><b>Time (seconds)</b></td>
<td><b>Instance</b></td>
</tr>
<tr>
<td title='com.Vtiger.test.TestQuickCreateCampaign.deleteCampaignAlertAppears()'><b>deleteCampaignAlertAppears</b><br>Test class: com.Vtiger.test.TestQuickCreateCampaign</td>
<td><div><pre>org.openqa.selenium.NoSuchElementException: no such element: Unable to locate element: {&quot;method&quot;:&quot;xpath&quot;,&quot;selector&quot;:&quot;//td[@width=&apos;2%&apos;]/input[@id=&apos;43&apos;]&quot;}
  (Session info: chrome=78.0.3904.97)
For documentation on this error, please visit: https://www.seleniumhq.org/exceptions/no_such_element.html
Build info: version: &apos;3.141.59&apos;, revision: &apos;e82be7d358&apos;, time: &apos;2018-11-14T08:25:53&apos;
System info: host: &apos;DESKTOP-V41L6B2&apos;, ip: &apos;192.168.43.82&apos;, os.name: &apos;Windows 10&apos;, os.arch: &apos;amd64&apos;, os.version: &apos;10.0&apos;, java.version: &apos;1.8.0_221&apos;
Driver info: org.openqa.selenium.chrome.ChromeDriver
Capabilities {acceptInsecureCerts: false, browserName: chrome, browserVersion: 78.0.3904.97, chrome: {chromedriverVersion: 77.0.3865.40 (f484704e052e0..., userDataDir: C:\Users\User\AppData\Local...}, goog:chromeOptions: {debuggerAddress: localhost:63886}, javascriptEnabled: true, networkConnectionEnabled: false, pageLoadStrategy: normal, platform: XP, platformName: XP, proxy: Proxy(), setWindowRect: true, strictFileInteractability: false, timeouts: {implicit: 0, pageLoad: 300000, script: 30000}, unhandledPromptBehavior: dismiss and notify}
Session ID: 8e40eef78991525461b3bb4a4581fa05
*** Element info: {Using=xpath, value=//td[@width=&apos;2%&apos;]/input[@id=&apos;43&apos;]}
	at sun.reflect.NativeConstructorAccessorImpl.newInstance0(Native Method)
	at sun.reflect.NativeConstructorAccessorImpl.newInstance(NativeConstructorAccessorImpl.java:62)
	at sun.reflect.DelegatingConstructorAccessorImpl.newInstance(DelegatingConstructorAccessorImpl.java:45)
	at java.lang.reflect.Constructor.newInstance(Constructor.java:423)
	at org.openqa.selenium.remote.http.W3CHttpResponseCodec.createException(W3CHttpResponseCodec.java:187)
	at org.openqa.selenium.remote.http.W3CHttpResponseCodec.decode(W3CHttpResponseCodec.java:122)
	at org.openqa.selenium.remote.http.W3CHttpResponseCodec.decode(W3CHttpResponseCodec.java:49)
	at org.openqa.selenium.remote.HttpCommandExecutor.execute(HttpCommandExecutor.java:158)
	at org.openqa.selenium.remote.service.DriverCommandExecutor.execute(DriverCommandExecutor.java:83)
	at org.openqa.selenium.remote.RemoteWebDriver.execute(RemoteWebDriver.java:552)
	at org.openqa.selenium.remote.RemoteWebDriver.findElement(RemoteWebDriver.java:323)
	at org.openqa.selenium.remote.RemoteWebDriver.findElementByXPath(RemoteWebDriver.java:428)
	at org.openqa.selenium.By$ByXPath.findElement(By.java:353)
	at org.openqa.selenium.remote.RemoteWebDriver.findElement(RemoteWebDriver.java:315)
	at org.openqa.selenium.support.pagefactory.DefaultElementLocator.findElement(DefaultElementLocator.java:69)
	at org.openqa.selenium.support.pagefactory.internal.LocatingElementHandler.invoke(LocatingElementHandler.java:38)
	at com.sun.proxy.$Proxy9.click(Unknown Source)
	at com.Vtiger.pom.CampaignsPage.tickcamptodel(CampaignsPage.java:102)
	at com.Vtiger.test.TestQuickCreateCampaign.deleteCampaignAlertAppears(TestQuickCreateCampaign.java:115)
	at sun.reflect.NativeMethodAccessorImpl.invoke0(Native Method)
	at sun.reflect.NativeMethodAccessorImpl.invoke(NativeMethodAccessorImpl.java:62)
	at sun.reflect.DelegatingMethodAccessorImpl.invoke(DelegatingMethodAccessorImpl.java:43)
	at java.lang.reflect.Method.invoke(Method.java:498)
	at org.testng.internal.MethodInvocationHelper.invokeMethod(MethodInvocationHelper.java:133)
	at org.testng.internal.TestInvoker.invokeMethod(TestInvoker.java:584)
	at org.testng.internal.TestInvoker.invokeTestMethod(TestInvoker.java:172)
	at org.testng.internal.MethodRunner.runInSequence(MethodRunner.java:46)
	at org.testng.internal.TestInvoker$MethodInvocationAgent.invoke(TestInvoker.java:804)
	at org.testng.internal.TestInvoker.invokeTestMethods(TestInvoker.java:145)
	at org.testng.internal.TestMethodWorker.invokeTestMethods(TestMethodWorker.java:146)
	at org.testng.internal.TestMethodWorker.run(TestMethodWorker.java:128)
	at java.util.ArrayList.forEach(ArrayList.java:1257)
	at org.testng.TestRunner.privateRun(TestRunner.java:770)
	at org.testng.TestRunner.run(TestRunner.java:591)
	at org.testng.SuiteRunner.runTest(SuiteRunner.java:402)
	at org.testng.SuiteRunner.runSequentially(SuiteRunner.java:396)
	at org.testng.SuiteRunner.privateRun(SuiteRunner.java:355)
	at org.testng.SuiteRunner.run(SuiteRunner.java:304)
	at org.testng.SuiteRunnerWorker.runSuite(SuiteRunnerWorker.java:53)
	at org.testng.SuiteRunnerWorker.run(SuiteRunnerWorker.java:96)
	at org.testng.TestNG.runSuitesSequentially(TestNG.java:1180)
	at org.testng.TestNG.runSuitesLocally(TestNG.java:1102)
	at org.testng.TestNG.runSuites(TestNG.java:1032)
	at org.testng.TestNG.run(TestNG.java:1000)
	at org.testng.remote.AbstractRemoteTestNG.run(AbstractRemoteTestNG.java:115)
	at org.testng.remote.RemoteTestNG.initAndRun(RemoteTestNG.java:251)
	at org.testng.remote.RemoteTestNG.main(RemoteTestNG.java:77)
</pre></div><a href='#' onClick='toggleBox("stack-trace2056499811", this, "Click to show all stack frames", "Click to hide stack frames")'>Click to show all stack frames</a>
<div class='stack-trace' id='stack-trace2056499811'><pre>org.openqa.selenium.NoSuchElementException: no such element: Unable to locate element: {&quot;method&quot;:&quot;xpath&quot;,&quot;selector&quot;:&quot;//td[@width=&apos;2%&apos;]/input[@id=&apos;43&apos;]&quot;}
  (Session info: chrome=78.0.3904.97)
For documentation on this error, please visit: https://www.seleniumhq.org/exceptions/no_such_element.html
Build info: version: &apos;3.141.59&apos;, revision: &apos;e82be7d358&apos;, time: &apos;2018-11-14T08:25:53&apos;
System info: host: &apos;DESKTOP-V41L6B2&apos;, ip: &apos;192.168.43.82&apos;, os.name: &apos;Windows 10&apos;, os.arch: &apos;amd64&apos;, os.version: &apos;10.0&apos;, java.version: &apos;1.8.0_221&apos;
Driver info: org.openqa.selenium.chrome.ChromeDriver
Capabilities {acceptInsecureCerts: false, browserName: chrome, browserVersion: 78.0.3904.97, chrome: {chromedriverVersion: 77.0.3865.40 (f484704e052e0..., userDataDir: C:\Users\User\AppData\Local...}, goog:chromeOptions: {debuggerAddress: localhost:63886}, javascriptEnabled: true, networkConnectionEnabled: false, pageLoadStrategy: normal, platform: XP, platformName: XP, proxy: Proxy(), setWindowRect: true, strictFileInteractability: false, timeouts: {implicit: 0, pageLoad: 300000, script: 30000}, unhandledPromptBehavior: dismiss and notify}
Session ID: 8e40eef78991525461b3bb4a4581fa05
*** Element info: {Using=xpath, value=//td[@width=&apos;2%&apos;]/input[@id=&apos;43&apos;]}
	at sun.reflect.NativeConstructorAccessorImpl.newInstance0(Native Method)
	at sun.reflect.NativeConstructorAccessorImpl.newInstance(NativeConstructorAccessorImpl.java:62)
	at sun.reflect.DelegatingConstructorAccessorImpl.newInstance(DelegatingConstructorAccessorImpl.java:45)
	at java.lang.reflect.Constructor.newInstance(Constructor.java:423)
	at org.openqa.selenium.remote.http.W3CHttpResponseCodec.createException(W3CHttpResponseCodec.java:187)
	at org.openqa.selenium.remote.http.W3CHttpResponseCodec.decode(W3CHttpResponseCodec.java:122)
	at org.openqa.selenium.remote.http.W3CHttpResponseCodec.decode(W3CHttpResponseCodec.java:49)
	at org.openqa.selenium.remote.HttpCommandExecutor.execute(HttpCommandExecutor.java:158)
	at org.openqa.selenium.remote.service.DriverCommandExecutor.execute(DriverCommandExecutor.java:83)
	at org.openqa.selenium.remote.RemoteWebDriver.execute(RemoteWebDriver.java:552)
	at org.openqa.selenium.remote.RemoteWebDriver.findElement(RemoteWebDriver.java:323)
	at org.openqa.selenium.remote.RemoteWebDriver.findElementByXPath(RemoteWebDriver.java:428)
	at org.openqa.selenium.By$ByXPath.findElement(By.java:353)
	at org.openqa.selenium.remote.RemoteWebDriver.findElement(RemoteWebDriver.java:315)
	at org.openqa.selenium.support.pagefactory.DefaultElementLocator.findElement(DefaultElementLocator.java:69)
	at org.openqa.selenium.support.pagefactory.internal.LocatingElementHandler.invoke(LocatingElementHandler.java:38)
	at com.sun.proxy.$Proxy9.click(Unknown Source)
	at com.Vtiger.pom.CampaignsPage.tickcamptodel(CampaignsPage.java:102)
	at com.Vtiger.test.TestQuickCreateCampaign.deleteCampaignAlertAppears(TestQuickCreateCampaign.java:115)
	at sun.reflect.NativeMethodAccessorImpl.invoke0(Native Method)
	at sun.reflect.NativeMethodAccessorImpl.invoke(NativeMethodAccessorImpl.java:62)
	at sun.reflect.DelegatingMethodAccessorImpl.invoke(DelegatingMethodAccessorImpl.java:43)
	at java.lang.reflect.Method.invoke(Method.java:498)
	at org.testng.internal.MethodInvocationHelper.invokeMethod(MethodInvocationHelper.java:133)
	at org.testng.internal.TestInvoker.invokeMethod(TestInvoker.java:584)
	at org.testng.internal.TestInvoker.invokeTestMethod(TestInvoker.java:172)
	at org.testng.internal.MethodRunner.runInSequence(MethodRunner.java:46)
	at org.testng.internal.TestInvoker$MethodInvocationAgent.invoke(TestInvoker.java:804)
	at org.testng.internal.TestInvoker.invokeTestMethods(TestInvoker.java:145)
	at org.testng.internal.TestMethodWorker.invokeTestMethods(TestMethodWorker.java:146)
	at org.testng.internal.TestMethodWorker.run(TestMethodWorker.java:128)
	at java.util.ArrayList.forEach(ArrayList.java:1257)
	at org.testng.TestRunner.privateRun(TestRunner.java:770)
	at org.testng.TestRunner.run(TestRunner.java:591)
	at org.testng.SuiteRunner.runTest(SuiteRunner.java:402)
	at org.testng.SuiteRunner.runSequentially(SuiteRunner.java:396)
	at org.testng.SuiteRunner.privateRun(SuiteRunner.java:355)
	at org.testng.SuiteRunner.run(SuiteRunner.java:304)
	at org.testng.SuiteRunnerWorker.runSuite(SuiteRunnerWorker.java:53)
	at org.testng.SuiteRunnerWorker.run(SuiteRunnerWorker.java:96)
	at org.testng.TestNG.runSuitesSequentially(TestNG.java:1180)
	at org.testng.TestNG.runSuitesLocally(TestNG.java:1102)
	at org.testng.TestNG.runSuites(TestNG.java:1032)
	at org.testng.TestNG.run(TestNG.java:1000)
	at org.testng.remote.AbstractRemoteTestNG.run(AbstractRemoteTestNG.java:115)
	at org.testng.remote.RemoteTestNG.initAndRun(RemoteTestNG.java:251)
	at org.testng.remote.RemoteTestNG.main(RemoteTestNG.java:77)
</pre></div></td>
<td>34</td>
<td>com.Vtiger.test.TestQuickCreateCampaign@247bddad</td></tr>
</table><p>
<table width='100%' border='1' class='invocation-passed'>
<tr><td colspan='4' align='center'><b>PASSED TESTS</b></td></tr>
<tr><td><b>Test method</b></td>
<td width="30%"><b>Exception</b></td>
<td width="10%"><b>Time (seconds)</b></td>
<td><b>Instance</b></td>
</tr>
<tr>
<td title='com.Vtiger.test.TestQuickCreateCampaign.createCampaignbyNmae()'><b>createCampaignbyNmae</b><br>Test class: com.Vtiger.test.TestQuickCreateCampaign<br/>
<a href="#Output-551797833" onClick='toggleBox("Output-551797833", this, "Show output", "Hide output");'>Show output</a>

<a href="#Output-551797833" onClick="toggleAllBoxes();">Show all outputs</a>
<div class='log' id="Output-551797833">
Campaign name matches<br/>
</div>
</td>
<td></td>
<td>18</td>
<td>com.Vtiger.test.TestQuickCreateCampaign@247bddad</td></tr>
<tr>
<td title='com.Vtiger.test.TestQuickCreateCampaign.searchCampaignbyName()'><b>searchCampaignbyName</b><br>Test class: com.Vtiger.test.TestQuickCreateCampaign<br/>
<a href="#Output-1987707214" onClick='toggleBox("Output-1987707214", this, "Show output", "Hide output");'>Show output</a>

<a href="#Output-1987707214" onClick="toggleAllBoxes();">Show all outputs</a>
<div class='log' id="Output-1987707214">
Search result verified<br/>
</div>
</td>
<td></td>
<td>45</td>
<td>com.Vtiger.test.TestQuickCreateCampaign@247bddad</td></tr>
<tr>
<td title='com.Vtiger.test.TestQuickCreateCampaign.testquickCreateCampaign()'><b>testquickCreateCampaign</b><br>Test class: com.Vtiger.test.TestQuickCreateCampaign<br/>
<a href="#Output-2029754983" onClick='toggleBox("Output-2029754983", this, "Show output", "Hide output");'>Show output</a>

<a href="#Output-2029754983" onClick="toggleAllBoxes();">Show all outputs</a>
<div class='log' id="Output-2029754983">
Campaign name matches<br/>
</div>
</td>
<td></td>
<td>12</td>
<td>com.Vtiger.test.TestQuickCreateCampaign@247bddad</td></tr>
<tr>
<td title='com.Vtiger.test.TestQuickCreateCampaign.testquickCreateCampaignwithoutname()'><b>testquickCreateCampaignwithoutname</b><br>Test class: com.Vtiger.test.TestQuickCreateCampaign<br/>
<a href="#Output-164439551" onClick='toggleBox("Output-164439551", this, "Show output", "Hide output");'>Show output</a>

<a href="#Output-164439551" onClick="toggleAllBoxes();">Show all outputs</a>
<div class='log' id="Output-164439551">
Enter name for campaign<br/>
</div>
</td>
<td></td>
<td>14</td>
<td>com.Vtiger.test.TestQuickCreateCampaign@247bddad</td></tr>
<tr>
<td title='com.Vtiger.test.TestQuickCreateCampaign.testquickCreateCampaignwithoutnameAlertMessage()'><b>testquickCreateCampaignwithoutnameAlertMessage</b><br>Test class: com.Vtiger.test.TestQuickCreateCampaign<br/>
<a href="#Output-1425405511" onClick='toggleBox("Output-1425405511", this, "Show output", "Hide output");'>Show output</a>

<a href="#Output-1425405511" onClick="toggleAllBoxes();">Show all outputs</a>
<div class='log' id="Output-1425405511">
Alert message text matches is as expected<br/>
</div>
</td>
<td></td>
<td>16</td>
<td>com.Vtiger.test.TestQuickCreateCampaign@247bddad</td></tr>
<tr>
<td title='com.Vtiger.test.TestQuickCreateCampaign.testsearcgCampaign()'><b>testsearcgCampaign</b><br>Test class: com.Vtiger.test.TestQuickCreateCampaign<br/>
<a href="#Output-1557534595" onClick='toggleBox("Output-1557534595", this, "Show output", "Hide output");'>Show output</a>

<a href="#Output-1557534595" onClick="toggleAllBoxes();">Show all outputs</a>
<div class='log' id="Output-1557534595">
Search result verified<br/>
</div>
</td>
<td></td>
<td>20</td>
<td>com.Vtiger.test.TestQuickCreateCampaign@247bddad</td></tr>
<tr>
<td title='com.Vtiger.test.TestQuickCreateCampaign.testsearcgCampaignwithletterA()'><b>testsearcgCampaignwithletterA</b><br>Test class: com.Vtiger.test.TestQuickCreateCampaign<br/>
<a href="#Output-2142129482" onClick='toggleBox("Output-2142129482", this, "Show output", "Hide output");'>Show output</a>

<a href="#Output-2142129482" onClick="toggleAllBoxes();">Show all outputs</a>
<div class='log' id="Output-2142129482">
Campaigns starting with letter A is displayed<br/>
</div>
</td>
<td></td>
<td>6</td>
<td>com.Vtiger.test.TestQuickCreateCampaign@247bddad</td></tr>
<tr>
<td title='com.Vtiger.test.TestQuickCreateCampaign.testsearcgCampaignwithletterE()'><b>testsearcgCampaignwithletterE</b><br>Test class: com.Vtiger.test.TestQuickCreateCampaign<br/>
<a href="#Output-509806761" onClick='toggleBox("Output-509806761", this, "Show output", "Hide output");'>Show output</a>

<a href="#Output-509806761" onClick="toggleAllBoxes();">Show all outputs</a>
<div class='log' id="Output-509806761">
Campaigns starting with letter E is displayed<br/>
</div>
</td>
<td></td>
<td>12</td>
<td>com.Vtiger.test.TestQuickCreateCampaign@247bddad</td></tr>
</table><p>
</body>
</html>